<?xml version="1.0" encoding="UTF-8"?>
<testng-results ignored="0" total="2" passed="2" failed="0" skipped="0">
  <reporter-output>
  </reporter-output>
  <suite started-at="2019-07-07T12:06:34Z" name="ImmigrationDirectUK Application Test Automation" finished-at="2019-07-07T12:07:07Z" duration-ms="33100">
    <groups>
    </groups>
    <test started-at="2019-07-07T12:06:34Z" name="ImmigrationDirectUK Application Test" finished-at="2019-07-07T12:07:07Z" duration-ms="33100">
      <class name="com.qa.testcases.RegistrationPageTest">
        <test-method is-config="true" signature="setup()[pri:0, instance:com.qa.testcases.RegistrationPageTest@13fd2ccd]" started-at="2019-07-07T12:06:34Z" name="setup" finished-at="2019-07-07T12:06:43Z" duration-ms="9072" status="PASS">
          <reporter-output>
          </reporter-output>
        </test-method> <!-- setup -->
        <test-method signature="createAccountTest()[pri:0, instance:com.qa.testcases.RegistrationPageTest@13fd2ccd]" started-at="2019-07-07T12:06:43Z" name="createAccountTest" finished-at="2019-07-07T12:06:44Z" duration-ms="1063" status="PASS">
          <reporter-output>
          </reporter-output>
        </test-method> <!-- createAccountTest -->
        <test-method is-config="true" signature="tearsDown()[pri:0, instance:com.qa.testcases.RegistrationPageTest@13fd2ccd]" started-at="2019-07-07T12:06:45Z" name="tearsDown" finished-at="2019-07-07T12:06:46Z" duration-ms="886" status="PASS">
          <reporter-output>
          </reporter-output>
        </test-method> <!-- tearsDown -->
      </class> <!-- com.qa.testcases.RegistrationPageTest -->
      <class name="com.qa.testcases.PaymentPageTest">
        <test-method is-config="true" signature="setup()[pri:0, instance:com.qa.testcases.PaymentPageTest@b9b00e0]" started-at="2019-07-07T12:06:46Z" name="setup" finished-at="2019-07-07T12:06:53Z" duration-ms="7606" status="PASS">
          <reporter-output>
          </reporter-output>
        </test-method> <!-- setup -->
        <test-method signature="createAccountTest()[pri:0, instance:com.qa.testcases.PaymentPageTest@b9b00e0]" started-at="2019-07-07T12:06:53Z" name="createAccountTest" finished-at="2019-07-07T12:07:06Z" duration-ms="12698" status="PASS">
          <reporter-output>
          </reporter-output>
        </test-method> <!-- createAccountTest -->
        <test-method is-config="true" signature="tearsDown()[pri:0, instance:com.qa.testcases.PaymentPageTest@b9b00e0]" started-at="2019-07-07T12:07:07Z" name="tearsDown" finished-at="2019-07-07T12:07:07Z" duration-ms="902" status="PASS">
          <reporter-output>
          </reporter-output>
        </test-method> <!-- tearsDown -->
      </class> <!-- com.qa.testcases.PaymentPageTest -->
    </test> <!-- ImmigrationDirectUK Application Test -->
  </suite> <!-- ImmigrationDirectUK Application Test Automation -->
</testng-results>
