<?xml version="1.0" encoding="UTF-8"?>
<testng-results ignored="0" total="2" passed="2" failed="0" skipped="0">
  <reporter-output>
  </reporter-output>
  <suite started-at="2019-07-07T06:15:31Z" name="ImmigrationDirectUK Application Test Automation" finished-at="2019-07-07T06:16:06Z" duration-ms="35059">
    <groups>
    </groups>
    <test started-at="2019-07-07T06:15:31Z" name="ImmigrationDirectUK Application Test" finished-at="2019-07-07T06:16:06Z" duration-ms="35059">
      <class name="com.qa.testcases.RegistrationPageTest">
        <test-method is-config="true" signature="setup()[pri:0, instance:com.qa.testcases.RegistrationPageTest@13fd2ccd]" started-at="2019-07-07T06:15:31Z" name="setup" finished-at="2019-07-07T06:15:42Z" duration-ms="11536" status="PASS">
          <reporter-output>
          </reporter-output>
        </test-method> <!-- setup -->
        <test-method signature="createAccountTest()[pri:0, instance:com.qa.testcases.RegistrationPageTest@13fd2ccd]" started-at="2019-07-07T06:15:42Z" name="createAccountTest" finished-at="2019-07-07T06:15:44Z" duration-ms="1689" status="PASS">
          <reporter-output>
          </reporter-output>
        </test-method> <!-- createAccountTest -->
        <test-method is-config="true" signature="tearsDown()[pri:0, instance:com.qa.testcases.RegistrationPageTest@13fd2ccd]" started-at="2019-07-07T06:15:44Z" name="tearsDown" finished-at="2019-07-07T06:15:45Z" duration-ms="869" status="PASS">
          <reporter-output>
          </reporter-output>
        </test-method> <!-- tearsDown -->
      </class> <!-- com.qa.testcases.RegistrationPageTest -->
      <class name="com.qa.testcases.PaymentPageTest">
        <test-method is-config="true" signature="setup()[pri:0, instance:com.qa.testcases.PaymentPageTest@b9b00e0]" started-at="2019-07-07T06:15:45Z" name="setup" finished-at="2019-07-07T06:15:55Z" duration-ms="10344" status="PASS">
          <reporter-output>
          </reporter-output>
        </test-method> <!-- setup -->
        <test-method signature="createAccountTest()[pri:0, instance:com.qa.testcases.PaymentPageTest@b9b00e0]" started-at="2019-07-07T06:15:55Z" name="createAccountTest" finished-at="2019-07-07T06:16:04Z" duration-ms="9007" status="PASS">
          <reporter-output>
          </reporter-output>
        </test-method> <!-- createAccountTest -->
        <test-method is-config="true" signature="tearsDown()[pri:0, instance:com.qa.testcases.PaymentPageTest@b9b00e0]" started-at="2019-07-07T06:16:04Z" name="tearsDown" finished-at="2019-07-07T06:16:06Z" duration-ms="1570" status="PASS">
          <reporter-output>
          </reporter-output>
        </test-method> <!-- tearsDown -->
      </class> <!-- com.qa.testcases.PaymentPageTest -->
    </test> <!-- ImmigrationDirectUK Application Test -->
  </suite> <!-- ImmigrationDirectUK Application Test Automation -->
</testng-results>
