<?xml version="1.0" encoding="UTF-8"?>
<!-- Generated by org.testng.reporters.JUnitXMLReporter -->
<testsuite ignored="0" hostname="Murali" failures="0" tests="2" name="ImmigrationDirectUK Application Test" time="33.1" errors="0" timestamp="07 Jul 2019 12:07:07 GMT">
  <testcase classname="com.qa.testcases.RegistrationPageTest" name="createAccountTest" time="1.063"/>
  <testcase classname="com.qa.testcases.PaymentPageTest" name="createAccountTest" time="12.698"/>
</testsuite> <!-- ImmigrationDirectUK Application Test -->
